Initialize model.
Model values at time =    1.0
vegetation__nitrogen_availability:    0.2670
Model values at time =    2.0
vegetation__nitrogen_availability:    0.2670
Model values at time =    3.0
vegetation__nitrogen_availability:    0.2670
Model values at time =    4.0
vegetation__nitrogen_availability:    0.2670
Model values at time =    5.0
vegetation__nitrogen_availability:    0.2670
Model values at time =    6.0
vegetation__nitrogen_availability:    0.2670
Model values at time =    7.0
vegetation__nitrogen_availability:    0.2670
Model values at time =    8.0
vegetation__nitrogen_availability:    0.2670
Model values at time =    9.0
vegetation__nitrogen_availability:    0.2670
Model values at time =   10.0
vegetation__nitrogen_availability:    0.2670
Model values at time =   11.0
vegetation__nitrogen_availability:    0.2670
Model values at time =   12.0
vegetation__nitrogen_availability:    0.2670
Model values at time =   13.0
vegetation__nitrogen_availability:    0.2670
Model values at time =   14.0
vegetation__nitrogen_availability:    0.2670
Model values at time =   15.0
vegetation__nitrogen_availability:    0.2670
Model values at time =   16.0
vegetation__nitrogen_availability:    0.2670
Model values at time =   17.0
vegetation__nitrogen_availability:    0.2670
Model values at time =   18.0
vegetation__nitrogen_availability:    0.2670
Model values at time =   19.0
vegetation__nitrogen_availability:    0.2670
Model values at time =   20.0
vegetation__nitrogen_availability:    0.2670
Model values at time =   21.0
vegetation__nitrogen_availability:    0.2670
Model values at time =   22.0
vegetation__nitrogen_availability:    0.2670
Model values at time =   23.0
vegetation__nitrogen_availability:    0.2670
Model values at time =   24.0
vegetation__nitrogen_availability:    0.2670
Model values at time =   25.0
vegetation__nitrogen_availability:    0.2670
Model values at time =   26.0
vegetation__nitrogen_availability:    0.2670
Model values at time =   27.0
vegetation__nitrogen_availability:    0.2670
Model values at time =   28.0
vegetation__nitrogen_availability:    0.2670
Model values at time =   29.0
vegetation__nitrogen_availability:    0.2670
Model values at time =   30.0
vegetation__nitrogen_availability:    0.2670
Model values at time =   31.0
vegetation__nitrogen_availability:    0.2670
Model values at time =   32.0
vegetation__nitrogen_availability:    0.2670
Model values at time =   33.0
vegetation__nitrogen_availability:    0.2670
Model values at time =   34.0
vegetation__nitrogen_availability:    0.2670
Model values at time =   35.0
vegetation__nitrogen_availability:    0.2670
Model values at time =   36.0
vegetation__nitrogen_availability:    0.2670
Model values at time =   37.0
vegetation__nitrogen_availability:    0.2670
Model values at time =   38.0
vegetation__nitrogen_availability:    0.2670
Model values at time =   39.0
vegetation__nitrogen_availability:    0.2670
Model values at time =   40.0
vegetation__nitrogen_availability:    0.2670
Model values at time =   41.0
vegetation__nitrogen_availability:    0.2670
Model values at time =   42.0
vegetation__nitrogen_availability:    0.2670
Model values at time =   43.0
vegetation__nitrogen_availability:    0.2670
Model values at time =   44.0
vegetation__nitrogen_availability:    0.2670
Model values at time =   45.0
vegetation__nitrogen_availability:    0.2670
Model values at time =   46.0
vegetation__nitrogen_availability:    0.2670
Model values at time =   47.0
vegetation__nitrogen_availability:    0.2670
Model values at time =   48.0
vegetation__nitrogen_availability:    0.2670
Model values at time =   49.0
vegetation__nitrogen_availability:    0.2670
Model values at time =   50.0
vegetation__nitrogen_availability:    0.2670
Model values at time =   51.0
vegetation__nitrogen_availability:    0.2670
Model values at time =   52.0
vegetation__nitrogen_availability:    0.2670
Model values at time =   53.0
vegetation__nitrogen_availability:    0.2670
Model values at time =   54.0
vegetation__nitrogen_availability:    0.2670
Model values at time =   55.0
vegetation__nitrogen_availability:    0.2670
Model values at time =   56.0
vegetation__nitrogen_availability:    0.2670
Model values at time =   57.0
vegetation__nitrogen_availability:    0.2670
Model values at time =   58.0
vegetation__nitrogen_availability:    0.2670
Model values at time =   59.0
vegetation__nitrogen_availability:    0.2670
Model values at time =   60.0
vegetation__nitrogen_availability:    0.2670
Model values at time =   61.0
vegetation__nitrogen_availability:    0.2670
Model values at time =   62.0
vegetation__nitrogen_availability:    0.2670
Model values at time =   63.0
vegetation__nitrogen_availability:    0.2670
Model values at time =   64.0
vegetation__nitrogen_availability:    0.2670
Model values at time =   65.0
vegetation__nitrogen_availability:    0.2670
Model values at time =   66.0
vegetation__nitrogen_availability:    0.2670
Model values at time =   67.0
vegetation__nitrogen_availability:    0.2670
Model values at time =   68.0
vegetation__nitrogen_availability:    0.2670
Model values at time =   69.0
vegetation__nitrogen_availability:    0.2670
Model values at time =   70.0
vegetation__nitrogen_availability:    0.2670
Model values at time =   71.0
vegetation__nitrogen_availability:    0.2670
Model values at time =   72.0
vegetation__nitrogen_availability:    0.2670
Model values at time =   73.0
vegetation__nitrogen_availability:    0.2670
Model values at time =   74.0
vegetation__nitrogen_availability:    0.2670
Model values at time =   75.0
vegetation__nitrogen_availability:    0.2670
Model values at time =   76.0
vegetation__nitrogen_availability:    0.2670
Model values at time =   77.0
vegetation__nitrogen_availability:    0.2670
Model values at time =   78.0
vegetation__nitrogen_availability:    0.2670
Model values at time =   79.0
vegetation__nitrogen_availability:    0.2670
Model values at time =   80.0
vegetation__nitrogen_availability:    0.2670
Model values at time =   81.0
vegetation__nitrogen_availability:    0.2670
Model values at time =   82.0
vegetation__nitrogen_availability:    0.2670
Model values at time =   83.0
vegetation__nitrogen_availability:    0.2670
Model values at time =   84.0
vegetation__nitrogen_availability:    0.2670
Model values at time =   85.0
vegetation__nitrogen_availability:    0.2670
Model values at time =   86.0
vegetation__nitrogen_availability:    0.2670
Model values at time =   87.0
vegetation__nitrogen_availability:    0.2670
Model values at time =   88.0
vegetation__nitrogen_availability:    0.2670
Model values at time =   89.0
vegetation__nitrogen_availability:    0.2670
Model values at time =   90.0
vegetation__nitrogen_availability:    0.2670
Model values at time =   91.0
vegetation__nitrogen_availability:    0.2670
Model values at time =   92.0
vegetation__nitrogen_availability:    0.2670
Model values at time =   93.0
vegetation__nitrogen_availability:    0.2670
Model values at time =   94.0
vegetation__nitrogen_availability:    0.2670
Model values at time =   95.0
vegetation__nitrogen_availability:    0.2670
Model values at time =   96.0
vegetation__nitrogen_availability:    0.2670
Model values at time =   97.0
vegetation__nitrogen_availability:    0.2670
Model values at time =   98.0
vegetation__nitrogen_availability:    0.2670
Model values at time =   99.0
vegetation__nitrogen_availability:    0.2670
Model values at time =  100.0
vegetation__nitrogen_availability:    0.2670
Model values at time =  101.0
vegetation__nitrogen_availability:    0.2670
Model values at time =  102.0
vegetation__nitrogen_availability:    0.2670
Model values at time =  103.0
vegetation__nitrogen_availability:    0.2670
Model values at time =  104.0
vegetation__nitrogen_availability:    0.2670
Model values at time =  105.0
vegetation__nitrogen_availability:    0.2670
Model values at time =  106.0
vegetation__nitrogen_availability:    0.2670
Model values at time =  107.0
vegetation__nitrogen_availability:    0.2670
Model values at time =  108.0
vegetation__nitrogen_availability:    0.2670
Model values at time =  109.0
vegetation__nitrogen_availability:    0.2670
Model values at time =  110.0
vegetation__nitrogen_availability:    0.2670
Model values at time =  111.0
vegetation__nitrogen_availability:    0.2670
Model values at time =  112.0
vegetation__nitrogen_availability:    0.2670
Model values at time =  113.0
vegetation__nitrogen_availability:    0.2670
Model values at time =  114.0
vegetation__nitrogen_availability:    0.2670
Model values at time =  115.0
vegetation__nitrogen_availability:    0.2670
Model values at time =  116.0
vegetation__nitrogen_availability:    0.2670
Model values at time =  117.0
vegetation__nitrogen_availability:    0.2670
Model values at time =  118.0
vegetation__nitrogen_availability:    0.2670
Model values at time =  119.0
vegetation__nitrogen_availability:    0.2670
Model values at time =  120.0
vegetation__nitrogen_availability:    0.2670
Model values at time =  121.0
vegetation__nitrogen_availability:    0.2670
Model values at time =  122.0
vegetation__nitrogen_availability:    0.2670
Model values at time =  123.0
vegetation__nitrogen_availability:    0.2670
Model values at time =  124.0
vegetation__nitrogen_availability:    0.2670
Model values at time =  125.0
vegetation__nitrogen_availability:    0.2670
Model values at time =  126.0
vegetation__nitrogen_availability:    0.2670
Model values at time =  127.0
vegetation__nitrogen_availability:    0.2670
Model values at time =  128.0
vegetation__nitrogen_availability:    0.2670
Model values at time =  129.0
vegetation__nitrogen_availability:    0.2670
Model values at time =  130.0
vegetation__nitrogen_availability:    0.2670
Model values at time =  131.0
vegetation__nitrogen_availability:    0.2670
Model values at time =  132.0
vegetation__nitrogen_availability:    0.2670
Model values at time =  133.0
vegetation__nitrogen_availability:    0.2670
Model values at time =  134.0
vegetation__nitrogen_availability:    0.2670
Model values at time =  135.0
vegetation__nitrogen_availability:    0.2670
Model values at time =  136.0
vegetation__nitrogen_availability:    0.2670
Model values at time =  137.0
vegetation__nitrogen_availability:    0.2670
Model values at time =  138.0
vegetation__nitrogen_availability:    0.2670
Model values at time =  139.0
vegetation__nitrogen_availability:    0.2670
Model values at time =  140.0
vegetation__nitrogen_availability:    0.2670
Model values at time =  141.0
vegetation__nitrogen_availability:    0.2670
Model values at time =  142.0
vegetation__nitrogen_availability:    0.2670
Model values at time =  143.0
vegetation__nitrogen_availability:    0.2670
Model values at time =  144.0
vegetation__nitrogen_availability:    0.2670
Model values at time =  145.0
vegetation__nitrogen_availability:    0.2670
Model values at time =  146.0
vegetation__nitrogen_availability:    0.2670
Model values at time =  147.0
vegetation__nitrogen_availability:    0.2670
Model values at time =  148.0
vegetation__nitrogen_availability:    0.2670
Model values at time =  149.0
vegetation__nitrogen_availability:    0.2670
Model values at time =  150.0
vegetation__nitrogen_availability:    0.2670
Model values at time =  151.0
vegetation__nitrogen_availability:    0.2670
Model values at time =  152.0
vegetation__nitrogen_availability:    0.2670
Model values at time =  153.0
vegetation__nitrogen_availability:    0.2670
Model values at time =  154.0
vegetation__nitrogen_availability:    0.2670
Model values at time =  155.0
vegetation__nitrogen_availability:    0.2670
Model values at time =  156.0
vegetation__nitrogen_availability:    0.2670
Model values at time =  157.0
vegetation__nitrogen_availability:    0.2670
Model values at time =  158.0
vegetation__nitrogen_availability:    0.2670
Model values at time =  159.0
vegetation__nitrogen_availability:    0.2670
Model values at time =  160.0
vegetation__nitrogen_availability:    0.2670
Model values at time =  161.0
vegetation__nitrogen_availability:    0.2670
Model values at time =  162.0
vegetation__nitrogen_availability:    0.2670
Model values at time =  163.0
vegetation__nitrogen_availability:    0.2670
Model values at time =  164.0
vegetation__nitrogen_availability:    0.2670
Model values at time =  165.0
vegetation__nitrogen_availability:    0.2670
Model values at time =  166.0
vegetation__nitrogen_availability:    0.2670
Model values at time =  167.0
vegetation__nitrogen_availability:    0.2670
Model values at time =  168.0
vegetation__nitrogen_availability:    0.2670
Model values at time =  169.0
vegetation__nitrogen_availability:    0.2670
Model values at time =  170.0
vegetation__nitrogen_availability:    0.2670
Model values at time =  171.0
vegetation__nitrogen_availability:    0.2670
Model values at time =  172.0
vegetation__nitrogen_availability:    0.2670
Model values at time =  173.0
vegetation__nitrogen_availability:    0.2670
Model values at time =  174.0
vegetation__nitrogen_availability:    0.2670
Model values at time =  175.0
vegetation__nitrogen_availability:    0.2670
Model values at time =  176.0
vegetation__nitrogen_availability:    0.2670
Model values at time =  177.0
vegetation__nitrogen_availability:    0.2670
Model values at time =  178.0
vegetation__nitrogen_availability:    0.2670
Model values at time =  179.0
vegetation__nitrogen_availability:    0.2670
Model values at time =  180.0
vegetation__nitrogen_availability:    0.2670
Model values at time =  181.0
vegetation__nitrogen_availability:    0.2670
Model values at time =  182.0
vegetation__nitrogen_availability:    0.2670
Model values at time =  183.0
vegetation__nitrogen_availability:    0.2670
Model values at time =  184.0
vegetation__nitrogen_availability:    0.2670
Model values at time =  185.0
vegetation__nitrogen_availability:    0.2670
Model values at time =  186.0
vegetation__nitrogen_availability:    0.2670
Model values at time =  187.0
vegetation__nitrogen_availability:    0.2670
Model values at time =  188.0
vegetation__nitrogen_availability:    0.2670
Model values at time =  189.0
vegetation__nitrogen_availability:    0.2670
Model values at time =  190.0
vegetation__nitrogen_availability:    0.2670
Model values at time =  191.0
vegetation__nitrogen_availability:    0.2670
Model values at time =  192.0
vegetation__nitrogen_availability:    0.2670
Model values at time =  193.0
vegetation__nitrogen_availability:    0.2670
Model values at time =  194.0
vegetation__nitrogen_availability:    0.2670
Model values at time =  195.0
vegetation__nitrogen_availability:    0.2670
Model values at time =  196.0
vegetation__nitrogen_availability:    0.2670
Model values at time =  197.0
vegetation__nitrogen_availability:    0.2670
Model values at time =  198.0
vegetation__nitrogen_availability:    0.2670
Model values at time =  199.0
vegetation__nitrogen_availability:    0.2670
Model values at time =  200.0
vegetation__nitrogen_availability:    0.2670
Model values at time =  201.0
vegetation__nitrogen_availability:    0.2670
Model values at time =  202.0
vegetation__nitrogen_availability:    0.2670
Model values at time =  203.0
vegetation__nitrogen_availability:    0.2670
Model values at time =  204.0
vegetation__nitrogen_availability:    0.2670
Model values at time =  205.0
vegetation__nitrogen_availability:    0.2670
Model values at time =  206.0
vegetation__nitrogen_availability:    0.2670
Model values at time =  207.0
vegetation__nitrogen_availability:    0.2670
Model values at time =  208.0
vegetation__nitrogen_availability:    0.2670
Model values at time =  209.0
vegetation__nitrogen_availability:    0.2670
Model values at time =  210.0
vegetation__nitrogen_availability:    0.2670
Model values at time =  211.0
vegetation__nitrogen_availability:    0.2670
Model values at time =  212.0
vegetation__nitrogen_availability:    0.2670
Model values at time =  213.0
vegetation__nitrogen_availability:    0.2670
Model values at time =  214.0
vegetation__nitrogen_availability:    0.2670
Model values at time =  215.0
vegetation__nitrogen_availability:    0.2670
Model values at time =  216.0
vegetation__nitrogen_availability:    0.2670
Model values at time =  217.0
vegetation__nitrogen_availability:    0.2670
Model values at time =  218.0
vegetation__nitrogen_availability:    0.2670
Model values at time =  219.0
vegetation__nitrogen_availability:    0.2670
Model values at time =  220.0
vegetation__nitrogen_availability:    0.2670
Model values at time =  221.0
vegetation__nitrogen_availability:    0.2670
Model values at time =  222.0
vegetation__nitrogen_availability:    0.2670
Model values at time =  223.0
vegetation__nitrogen_availability:    0.2670
Model values at time =  224.0
vegetation__nitrogen_availability:    0.2670
Model values at time =  225.0
vegetation__nitrogen_availability:    0.2670
Model values at time =  226.0
vegetation__nitrogen_availability:    0.2670
Model values at time =  227.0
vegetation__nitrogen_availability:    0.2670
Model values at time =  228.0
vegetation__nitrogen_availability:    0.2670
Model values at time =  229.0
vegetation__nitrogen_availability:    0.2670
Model values at time =  230.0
vegetation__nitrogen_availability:    0.2670
Model values at time =  231.0
vegetation__nitrogen_availability:    0.2670
Model values at time =  232.0
vegetation__nitrogen_availability:    0.2670
Model values at time =  233.0
vegetation__nitrogen_availability:    0.2670
Model values at time =  234.0
vegetation__nitrogen_availability:    0.2670
Model values at time =  235.0
vegetation__nitrogen_availability:    0.2670
Model values at time =  236.0
vegetation__nitrogen_availability:    0.2670
Model values at time =  237.0
vegetation__nitrogen_availability:    0.2670
Model values at time =  238.0
vegetation__nitrogen_availability:    0.2670
Model values at time =  239.0
vegetation__nitrogen_availability:    0.2670
Model values at time =  240.0
vegetation__nitrogen_availability:    0.2670
Model values at time =  241.0
vegetation__nitrogen_availability:    0.2670
Model values at time =  242.0
vegetation__nitrogen_availability:    0.2670
Model values at time =  243.0
vegetation__nitrogen_availability:    0.2670
Model values at time =  244.0
vegetation__nitrogen_availability:    0.2670
Model values at time =  245.0
vegetation__nitrogen_availability:    0.2670
Model values at time =  246.0
vegetation__nitrogen_availability:    0.2670
Model values at time =  247.0
vegetation__nitrogen_availability:    0.2670
Model values at time =  248.0
vegetation__nitrogen_availability:    0.2670
Model values at time =  249.0
vegetation__nitrogen_availability:    0.2670
Model values at time =  250.0
vegetation__nitrogen_availability:    0.2670
Model values at time =  251.0
vegetation__nitrogen_availability:    0.2670
Model values at time =  252.0
vegetation__nitrogen_availability:    0.2670
Model values at time =  253.0
vegetation__nitrogen_availability:    0.2670
Model values at time =  254.0
vegetation__nitrogen_availability:    0.2670
Model values at time =  255.0
vegetation__nitrogen_availability:    0.2670
Model values at time =  256.0
vegetation__nitrogen_availability:    0.2670
Model values at time =  257.0
vegetation__nitrogen_availability:    0.2670
Model values at time =  258.0
vegetation__nitrogen_availability:    0.2670
Model values at time =  259.0
vegetation__nitrogen_availability:    0.2670
Model values at time =  260.0
vegetation__nitrogen_availability:    0.2670
Model values at time =  261.0
vegetation__nitrogen_availability:    0.2670
Model values at time =  262.0
vegetation__nitrogen_availability:    0.2670
Model values at time =  263.0
vegetation__nitrogen_availability:    0.2670
Model values at time =  264.0
vegetation__nitrogen_availability:    0.2670
Model values at time =  265.0
vegetation__nitrogen_availability:    0.2670
Model values at time =  266.0
vegetation__nitrogen_availability:    0.2670
Model values at time =  267.0
vegetation__nitrogen_availability:    0.2670
Model values at time =  268.0
vegetation__nitrogen_availability:    0.2670
Model values at time =  269.0
vegetation__nitrogen_availability:    0.2670
Model values at time =  270.0
vegetation__nitrogen_availability:    0.2670
Model values at time =  271.0
vegetation__nitrogen_availability:    0.2670
Model values at time =  272.0
vegetation__nitrogen_availability:    0.2670
Model values at time =  273.0
vegetation__nitrogen_availability:    0.2670
Model values at time =  274.0
vegetation__nitrogen_availability:    0.2670
Model values at time =  275.0
vegetation__nitrogen_availability:    0.2670
Model values at time =  276.0
vegetation__nitrogen_availability:    0.2670
Model values at time =  277.0
vegetation__nitrogen_availability:    0.2670
Model values at time =  278.0
vegetation__nitrogen_availability:    0.2670
Model values at time =  279.0
vegetation__nitrogen_availability:    0.2670
Model values at time =  280.0
vegetation__nitrogen_availability:    0.2670
Model values at time =  281.0
vegetation__nitrogen_availability:    0.2670
Model values at time =  282.0
vegetation__nitrogen_availability:    0.2670
Model values at time =  283.0
vegetation__nitrogen_availability:    0.2670
Model values at time =  284.0
vegetation__nitrogen_availability:    0.2670
Model values at time =  285.0
vegetation__nitrogen_availability:    0.2670
Model values at time =  286.0
vegetation__nitrogen_availability:    0.2670
Model values at time =  287.0
vegetation__nitrogen_availability:    0.2670
Model values at time =  288.0
vegetation__nitrogen_availability:    0.2670
Model values at time =  289.0
vegetation__nitrogen_availability:    0.2670
Model values at time =  290.0
vegetation__nitrogen_availability:    0.2670
Model values at time =  291.0
vegetation__nitrogen_availability:    0.2670
Model values at time =  292.0
vegetation__nitrogen_availability:    0.2670
Model values at time =  293.0
vegetation__nitrogen_availability:    0.2670
Model values at time =  294.0
vegetation__nitrogen_availability:    0.2670
Model values at time =  295.0
vegetation__nitrogen_availability:    0.2670
Model values at time =  296.0
vegetation__nitrogen_availability:    0.2670
Model values at time =  297.0
vegetation__nitrogen_availability:    0.2670
Model values at time =  298.0
vegetation__nitrogen_availability:    0.2670
Model values at time =  299.0
vegetation__nitrogen_availability:    0.2670
Model values at time =  300.0
vegetation__nitrogen_availability:    0.2670
Model values at time =  301.0
vegetation__nitrogen_availability:    0.2670
Model values at time =  302.0
vegetation__nitrogen_availability:    0.2670
Model values at time =  303.0
vegetation__nitrogen_availability:    0.2670
Model values at time =  304.0
vegetation__nitrogen_availability:    0.2670
Model values at time =  305.0
vegetation__nitrogen_availability:    0.2670
Model values at time =  306.0
vegetation__nitrogen_availability:    0.2670
Model values at time =  307.0
vegetation__nitrogen_availability:    0.2670
Model values at time =  308.0
vegetation__nitrogen_availability:    0.2670
Model values at time =  309.0
vegetation__nitrogen_availability:    0.2670
Model values at time =  310.0
vegetation__nitrogen_availability:    0.2670
Model values at time =  311.0
vegetation__nitrogen_availability:    0.2670
Model values at time =  312.0
vegetation__nitrogen_availability:    0.2670
Model values at time =  313.0
vegetation__nitrogen_availability:    0.2670
Model values at time =  314.0
vegetation__nitrogen_availability:    0.2670
Model values at time =  315.0
vegetation__nitrogen_availability:    0.2670
Model values at time =  316.0
vegetation__nitrogen_availability:    0.2670
Model values at time =  317.0
vegetation__nitrogen_availability:    0.2670
Model values at time =  318.0
vegetation__nitrogen_availability:    0.2670
Model values at time =  319.0
vegetation__nitrogen_availability:    0.2670
Model values at time =  320.0
vegetation__nitrogen_availability:    0.2670
Model values at time =  321.0
vegetation__nitrogen_availability:    0.2670
Model values at time =  322.0
vegetation__nitrogen_availability:    0.2670
Model values at time =  323.0
vegetation__nitrogen_availability:    0.2670
Model values at time =  324.0
vegetation__nitrogen_availability:    0.2670
Model values at time =  325.0
vegetation__nitrogen_availability:    0.2670
Model values at time =  326.0
vegetation__nitrogen_availability:    0.2670
Model values at time =  327.0
vegetation__nitrogen_availability:    0.2670
Model values at time =  328.0
vegetation__nitrogen_availability:    0.2670
Model values at time =  329.0
vegetation__nitrogen_availability:    0.2670
Model values at time =  330.0
vegetation__nitrogen_availability:    0.2670
Model values at time =  331.0
vegetation__nitrogen_availability:    0.2670
Model values at time =  332.0
vegetation__nitrogen_availability:    0.2670
Model values at time =  333.0
vegetation__nitrogen_availability:    0.2670
Model values at time =  334.0
vegetation__nitrogen_availability:    0.2670
Model values at time =  335.0
vegetation__nitrogen_availability:    0.2670
Model values at time =  336.0
vegetation__nitrogen_availability:    0.2670
Model values at time =  337.0
vegetation__nitrogen_availability:    0.2670
Model values at time =  338.0
vegetation__nitrogen_availability:    0.2670
Model values at time =  339.0
vegetation__nitrogen_availability:    0.2670
Model values at time =  340.0
vegetation__nitrogen_availability:    0.2670
Model values at time =  341.0
vegetation__nitrogen_availability:    0.2670
Model values at time =  342.0
vegetation__nitrogen_availability:    0.2670
Model values at time =  343.0
vegetation__nitrogen_availability:    0.2670
Model values at time =  344.0
vegetation__nitrogen_availability:    0.2670
Model values at time =  345.0
vegetation__nitrogen_availability:    0.2670
Model values at time =  346.0
vegetation__nitrogen_availability:    0.2670
Model values at time =  347.0
vegetation__nitrogen_availability:    0.2670
Model values at time =  348.0
vegetation__nitrogen_availability:    0.2670
Model values at time =  349.0
vegetation__nitrogen_availability:    0.2670
Model values at time =  350.0
vegetation__nitrogen_availability:    0.2670
Model values at time =  351.0
vegetation__nitrogen_availability:    0.2670
Model values at time =  352.0
vegetation__nitrogen_availability:    0.2670
Model values at time =  353.0
vegetation__nitrogen_availability:    0.2670
Model values at time =  354.0
vegetation__nitrogen_availability:    0.2670
Model values at time =  355.0
vegetation__nitrogen_availability:    0.2670
Model values at time =  356.0
vegetation__nitrogen_availability:    0.2670
Model values at time =  357.0
vegetation__nitrogen_availability:    0.2670
Model values at time =  358.0
vegetation__nitrogen_availability:    0.2670
Model values at time =  359.0
vegetation__nitrogen_availability:    0.2670
Model values at time =  360.0
vegetation__nitrogen_availability:    0.2670
Model values at time =  361.0
vegetation__nitrogen_availability:    0.2670
Model values at time =  362.0
vegetation__nitrogen_availability:    0.2670
Model values at time =  363.0
vegetation__nitrogen_availability:    0.2670
Model values at time =  364.0
vegetation__nitrogen_availability:    0.2670
Model values at time =  365.0
vegetation__nitrogen_availability:    0.2670
Model values at time =  366.0
vegetation__nitrogen_availability:    0.2670
Model values at time =  367.0
vegetation__nitrogen_availability:    0.2670
Model values at time =  368.0
vegetation__nitrogen_availability:    0.2670
Model values at time =  369.0
vegetation__nitrogen_availability:    0.2670
Model values at time =  370.0
vegetation__nitrogen_availability:    0.2670
Model values at time =  371.0
vegetation__nitrogen_availability:    0.2670
Model values at time =  372.0
vegetation__nitrogen_availability:    0.2670
Model values at time =  373.0
vegetation__nitrogen_availability:    0.2670
Model values at time =  374.0
vegetation__nitrogen_availability:    0.2670
Model values at time =  375.0
vegetation__nitrogen_availability:    0.2670
Model values at time =  376.0
vegetation__nitrogen_availability:    0.2670
Model values at time =  377.0
vegetation__nitrogen_availability:    0.2670
Model values at time =  378.0
vegetation__nitrogen_availability:    0.2670
Model values at time =  379.0
vegetation__nitrogen_availability:    0.2670
Model values at time =  380.0
vegetation__nitrogen_availability:    0.2670
Model values at time =  381.0
vegetation__nitrogen_availability:    0.2670
Model values at time =  382.0
vegetation__nitrogen_availability:    0.2670
Model values at time =  383.0
vegetation__nitrogen_availability:    0.2670
Model values at time =  384.0
vegetation__nitrogen_availability:    0.2670
Model values at time =  385.0
vegetation__nitrogen_availability:    0.2670
Model values at time =  386.0
vegetation__nitrogen_availability:    0.2670
Model values at time =  387.0
vegetation__nitrogen_availability:    0.2670
Model values at time =  388.0
vegetation__nitrogen_availability:    0.2670
Model values at time =  389.0
vegetation__nitrogen_availability:    0.2670
Model values at time =  390.0
vegetation__nitrogen_availability:    0.2670
Model values at time =  391.0
vegetation__nitrogen_availability:    0.2670
Model values at time =  392.0
vegetation__nitrogen_availability:    0.2670
Model values at time =  393.0
vegetation__nitrogen_availability:    0.2670
Model values at time =  394.0
vegetation__nitrogen_availability:    0.2670
Model values at time =  395.0
vegetation__nitrogen_availability:    0.2670
Model values at time =  396.0
vegetation__nitrogen_availability:    0.2670
Model values at time =  397.0
vegetation__nitrogen_availability:    0.2670
Model values at time =  398.0
vegetation__nitrogen_availability:    0.2670
Model values at time =  399.0
vegetation__nitrogen_availability:    0.2670
Model values at time =  400.0
vegetation__nitrogen_availability:    0.2670
Model values at time =  401.0
vegetation__nitrogen_availability:    0.2670
Model values at time =  402.0
vegetation__nitrogen_availability:    0.2670
Model values at time =  403.0
vegetation__nitrogen_availability:    0.2670
Model values at time =  404.0
vegetation__nitrogen_availability:    0.2670
Model values at time =  405.0
vegetation__nitrogen_availability:    0.2670
Model values at time =  406.0
vegetation__nitrogen_availability:    0.2670
Model values at time =  407.0
vegetation__nitrogen_availability:    0.2670
Model values at time =  408.0
vegetation__nitrogen_availability:    0.2670
Model values at time =  409.0
vegetation__nitrogen_availability:    0.2670
Model values at time =  410.0
vegetation__nitrogen_availability:    0.2670
Model values at time =  411.0
vegetation__nitrogen_availability:    0.2670
Model values at time =  412.0
vegetation__nitrogen_availability:    0.2670
Model values at time =  413.0
vegetation__nitrogen_availability:    0.2670
Model values at time =  414.0
vegetation__nitrogen_availability:    0.2670
Model values at time =  415.0
vegetation__nitrogen_availability:    0.2670
Model values at time =  416.0
vegetation__nitrogen_availability:    0.2670
Model values at time =  417.0
vegetation__nitrogen_availability:    0.2670
Model values at time =  418.0
vegetation__nitrogen_availability:    0.2670
Model values at time =  419.0
vegetation__nitrogen_availability:    0.2670
Model values at time =  420.0
vegetation__nitrogen_availability:    0.2670
Model values at time =  421.0
vegetation__nitrogen_availability:    0.2670
Model values at time =  422.0
vegetation__nitrogen_availability:    0.2670
Model values at time =  423.0
vegetation__nitrogen_availability:    0.2670
Model values at time =  424.0
vegetation__nitrogen_availability:    0.2670
Model values at time =  425.0
vegetation__nitrogen_availability:    0.2670
Model values at time =  426.0
vegetation__nitrogen_availability:    0.2670
Model values at time =  427.0
vegetation__nitrogen_availability:    0.2670
Model values at time =  428.0
vegetation__nitrogen_availability:    0.2670
Model values at time =  429.0
vegetation__nitrogen_availability:    0.2670
Model values at time =  430.0
vegetation__nitrogen_availability:    0.2670
Model values at time =  431.0
vegetation__nitrogen_availability:    0.2670
Model values at time =  432.0
vegetation__nitrogen_availability:    0.2670
Model values at time =  433.0
vegetation__nitrogen_availability:    0.2670
Model values at time =  434.0
vegetation__nitrogen_availability:    0.2670
Model values at time =  435.0
vegetation__nitrogen_availability:    0.2670
Model values at time =  436.0
vegetation__nitrogen_availability:    0.2670
Model values at time =  437.0
vegetation__nitrogen_availability:    0.2670
Model values at time =  438.0
vegetation__nitrogen_availability:    0.2670
Model values at time =  439.0
vegetation__nitrogen_availability:    0.2670
Model values at time =  440.0
vegetation__nitrogen_availability:    0.2670
Model values at time =  441.0
vegetation__nitrogen_availability:    0.2670
Model values at time =  442.0
vegetation__nitrogen_availability:    0.2670
Model values at time =  443.0
vegetation__nitrogen_availability:    0.2670
Model values at time =  444.0
vegetation__nitrogen_availability:    0.2670
Model values at time =  445.0
vegetation__nitrogen_availability:    0.2670
Model values at time =  446.0
vegetation__nitrogen_availability:    0.2670
Model values at time =  447.0
vegetation__nitrogen_availability:    0.2670
Model values at time =  448.0
vegetation__nitrogen_availability:    0.2670
Model values at time =  449.0
vegetation__nitrogen_availability:    0.2670
Model values at time =  450.0
vegetation__nitrogen_availability:    0.2670
Model values at time =  451.0
vegetation__nitrogen_availability:    0.2670
Model values at time =  452.0
vegetation__nitrogen_availability:    0.2670
Model values at time =  453.0
vegetation__nitrogen_availability:    0.2670
Model values at time =  454.0
vegetation__nitrogen_availability:    0.2670
Model values at time =  455.0
vegetation__nitrogen_availability:    0.2670
Model values at time =  456.0
vegetation__nitrogen_availability:    0.2670
Model values at time =  457.0
vegetation__nitrogen_availability:    0.2670
Model values at time =  458.0
vegetation__nitrogen_availability:    0.2670
Model values at time =  459.0
vegetation__nitrogen_availability:    0.2670
Model values at time =  460.0
vegetation__nitrogen_availability:    0.2670
Model values at time =  461.0
vegetation__nitrogen_availability:    0.2670
Model values at time =  462.0
vegetation__nitrogen_availability:    0.2670
Model values at time =  463.0
vegetation__nitrogen_availability:    0.2670
Model values at time =  464.0
vegetation__nitrogen_availability:    0.2670
Model values at time =  465.0
vegetation__nitrogen_availability:    0.2670
Model values at time =  466.0
vegetation__nitrogen_availability:    0.2670
Model values at time =  467.0
vegetation__nitrogen_availability:    0.2670
Model values at time =  468.0
vegetation__nitrogen_availability:    0.2670
Model values at time =  469.0
vegetation__nitrogen_availability:    0.2670
Model values at time =  470.0
vegetation__nitrogen_availability:    0.2670
Model values at time =  471.0
vegetation__nitrogen_availability:    0.2670
Model values at time =  472.0
vegetation__nitrogen_availability:    0.2670
Model values at time =  473.0
vegetation__nitrogen_availability:    0.2670
Model values at time =  474.0
vegetation__nitrogen_availability:    0.2670
Model values at time =  475.0
vegetation__nitrogen_availability:    0.2670
Model values at time =  476.0
vegetation__nitrogen_availability:    0.2670
Model values at time =  477.0
vegetation__nitrogen_availability:    0.2670
Model values at time =  478.0
vegetation__nitrogen_availability:    0.2670
Model values at time =  479.0
vegetation__nitrogen_availability:    0.2670
Model values at time =  480.0
vegetation__nitrogen_availability:    0.2670
Model values at time =  481.0
vegetation__nitrogen_availability:    0.2670
Model values at time =  482.0
vegetation__nitrogen_availability:    0.2670
Model values at time =  483.0
vegetation__nitrogen_availability:    0.2670
Model values at time =  484.0
vegetation__nitrogen_availability:    0.2670
Model values at time =  485.0
vegetation__nitrogen_availability:    0.2670
Model values at time =  486.0
vegetation__nitrogen_availability:    0.2670
Model values at time =  487.0
vegetation__nitrogen_availability:    0.2670
Model values at time =  488.0
vegetation__nitrogen_availability:    0.2670
Model values at time =  489.0
vegetation__nitrogen_availability:    0.2670
Model values at time =  490.0
vegetation__nitrogen_availability:    0.2670
Model values at time =  491.0
vegetation__nitrogen_availability:    0.2670
Model values at time =  492.0
vegetation__nitrogen_availability:    0.2670
Model values at time =  493.0
vegetation__nitrogen_availability:    0.2670
Model values at time =  494.0
vegetation__nitrogen_availability:    0.2670
Model values at time =  495.0
vegetation__nitrogen_availability:    0.2670
Model values at time =  496.0
vegetation__nitrogen_availability:    0.2670
Model values at time =  497.0
vegetation__nitrogen_availability:    0.2670
Model values at time =  498.0
vegetation__nitrogen_availability:    0.2670
Model values at time =  499.0
vegetation__nitrogen_availability:    0.2670
Model values at time =  500.0
vegetation__nitrogen_availability:    0.2670
Model values at time =  501.0
vegetation__nitrogen_availability:    0.2670
Model values at time =  502.0
vegetation__nitrogen_availability:    0.2670
Model values at time =  503.0
vegetation__nitrogen_availability:    0.2670
Model values at time =  504.0
vegetation__nitrogen_availability:    0.2670
Model values at time =  505.0
vegetation__nitrogen_availability:    0.2670
Model values at time =  506.0
vegetation__nitrogen_availability:    0.2670
Model values at time =  507.0
vegetation__nitrogen_availability:    0.2670
Model values at time =  508.0
vegetation__nitrogen_availability:    0.2670
Model values at time =  509.0
vegetation__nitrogen_availability:    0.2670
Model values at time =  510.0
vegetation__nitrogen_availability:    0.2670
Model values at time =  511.0
vegetation__nitrogen_availability:    0.2670
Model values at time =  512.0
vegetation__nitrogen_availability:    0.2670
Model values at time =  513.0
vegetation__nitrogen_availability:    0.2670
Model values at time =  514.0
vegetation__nitrogen_availability:    0.2670
Model values at time =  515.0
vegetation__nitrogen_availability:    0.2670
Model values at time =  516.0
vegetation__nitrogen_availability:    0.2670
Model values at time =  517.0
vegetation__nitrogen_availability:    0.2670
Model values at time =  518.0
vegetation__nitrogen_availability:    0.2670
Model values at time =  519.0
vegetation__nitrogen_availability:    0.2670
Model values at time =  520.0
vegetation__nitrogen_availability:    0.2670
Model values at time =  521.0
vegetation__nitrogen_availability:    0.2670
Model values at time =  522.0
vegetation__nitrogen_availability:    0.2670
Model values at time =  523.0
vegetation__nitrogen_availability:    0.2670
Model values at time =  524.0
vegetation__nitrogen_availability:    0.2670
Model values at time =  525.0
vegetation__nitrogen_availability:    0.2670
Model values at time =  526.0
vegetation__nitrogen_availability:    0.2670
Model values at time =  527.0
vegetation__nitrogen_availability:    0.2670
Model values at time =  528.0
vegetation__nitrogen_availability:    0.2670
Model values at time =  529.0
vegetation__nitrogen_availability:    0.2670
Model values at time =  530.0
vegetation__nitrogen_availability:    0.2670
Model values at time =  531.0
vegetation__nitrogen_availability:    0.2670
Model values at time =  532.0
vegetation__nitrogen_availability:    0.2670
Model values at time =  533.0
vegetation__nitrogen_availability:    0.2670
Model values at time =  534.0
vegetation__nitrogen_availability:    0.2670
Model values at time =  535.0
vegetation__nitrogen_availability:    0.2670
Model values at time =  536.0
vegetation__nitrogen_availability:    0.2670
Model values at time =  537.0
vegetation__nitrogen_availability:    0.2670
Model values at time =  538.0
vegetation__nitrogen_availability:    0.2670
Model values at time =  539.0
vegetation__nitrogen_availability:    0.2670
Model values at time =  540.0
vegetation__nitrogen_availability:    0.2670
Model values at time =  541.0
vegetation__nitrogen_availability:    0.2670
Model values at time =  542.0
vegetation__nitrogen_availability:    0.2670
Model values at time =  543.0
vegetation__nitrogen_availability:    0.2670
Model values at time =  544.0
vegetation__nitrogen_availability:    0.2670
Model values at time =  545.0
vegetation__nitrogen_availability:    0.2670
Model values at time =  546.0
vegetation__nitrogen_availability:    0.2670
Model values at time =  547.0
vegetation__nitrogen_availability:    0.2670
Model values at time =  548.0
vegetation__nitrogen_availability:    0.2670
Model values at time =  549.0
vegetation__nitrogen_availability:    0.2670
Model values at time =  550.0
vegetation__nitrogen_availability:    0.2670
Model values at time =  551.0
vegetation__nitrogen_availability:    0.2670
Model values at time =  552.0
vegetation__nitrogen_availability:    0.2670
Model values at time =  553.0
vegetation__nitrogen_availability:    0.2670
Model values at time =  554.0
vegetation__nitrogen_availability:    0.2670
Model values at time =  555.0
vegetation__nitrogen_availability:    0.2670
Model values at time =  556.0
vegetation__nitrogen_availability:    0.2670
Model values at time =  557.0
vegetation__nitrogen_availability:    0.2670
Model values at time =  558.0
vegetation__nitrogen_availability:    0.2670
Model values at time =  559.0
vegetation__nitrogen_availability:    0.2670
Model values at time =  560.0
vegetation__nitrogen_availability:    0.2670
Model values at time =  561.0
vegetation__nitrogen_availability:    0.2670
Model values at time =  562.0
vegetation__nitrogen_availability:    0.2670
Model values at time =  563.0
vegetation__nitrogen_availability:    0.2670
Model values at time =  564.0
vegetation__nitrogen_availability:    0.2670
Model values at time =  565.0
vegetation__nitrogen_availability:    0.2670
Model values at time =  566.0
vegetation__nitrogen_availability:    0.2670
Model values at time =  567.0
vegetation__nitrogen_availability:    0.2670
Model values at time =  568.0
vegetation__nitrogen_availability:    0.2670
Model values at time =  569.0
vegetation__nitrogen_availability:    0.2670
Model values at time =  570.0
vegetation__nitrogen_availability:    0.2670
Model values at time =  571.0
vegetation__nitrogen_availability:    0.2670
Model values at time =  572.0
vegetation__nitrogen_availability:    0.2670
Model values at time =  573.0
vegetation__nitrogen_availability:    0.2670
Model values at time =  574.0
vegetation__nitrogen_availability:    0.2670
Model values at time =  575.0
vegetation__nitrogen_availability:    0.2670
Model values at time =  576.0
vegetation__nitrogen_availability:    0.2670
Model values at time =  577.0
vegetation__nitrogen_availability:    0.2670
Model values at time =  578.0
vegetation__nitrogen_availability:    0.2670
Model values at time =  579.0
vegetation__nitrogen_availability:    0.2670
Model values at time =  580.0
vegetation__nitrogen_availability:    0.2670
Model values at time =  581.0
vegetation__nitrogen_availability:    0.2670
Model values at time =  582.0
vegetation__nitrogen_availability:    0.2670
Model values at time =  583.0
vegetation__nitrogen_availability:    0.2670
Model values at time =  584.0
vegetation__nitrogen_availability:    0.2670
Model values at time =  585.0
vegetation__nitrogen_availability:    0.2670
Model values at time =  586.0
vegetation__nitrogen_availability:    0.2670
Model values at time =  587.0
vegetation__nitrogen_availability:    0.2670
Model values at time =  588.0
vegetation__nitrogen_availability:    0.2670
Model values at time =  589.0
vegetation__nitrogen_availability:    0.2670
Model values at time =  590.0
vegetation__nitrogen_availability:    0.2670
Model values at time =  591.0
vegetation__nitrogen_availability:    0.2670
Model values at time =  592.0
vegetation__nitrogen_availability:    0.2670
Model values at time =  593.0
vegetation__nitrogen_availability:    0.2670
Model values at time =  594.0
vegetation__nitrogen_availability:    0.2670
Model values at time =  595.0
vegetation__nitrogen_availability:    0.2670
Model values at time =  596.0
vegetation__nitrogen_availability:    0.2670
Model values at time =  597.0
vegetation__nitrogen_availability:    0.2670
Model values at time =  598.0
vegetation__nitrogen_availability:    0.2670
Model values at time =  599.0
vegetation__nitrogen_availability:    0.2670
Model values at time =  600.0
vegetation__nitrogen_availability:    0.2670
Model values at time =  601.0
vegetation__nitrogen_availability:    0.2670
Model values at time =  602.0
vegetation__nitrogen_availability:    0.2670
Model values at time =  603.0
vegetation__nitrogen_availability:    0.2670
Model values at time =  604.0
vegetation__nitrogen_availability:    0.2670
Model values at time =  605.0
vegetation__nitrogen_availability:    0.2670
Model values at time =  606.0
vegetation__nitrogen_availability:    0.2670
Model values at time =  607.0
vegetation__nitrogen_availability:    0.2670
Model values at time =  608.0
vegetation__nitrogen_availability:    0.2670
Model values at time =  609.0
vegetation__nitrogen_availability:    0.2670
Model values at time =  610.0
vegetation__nitrogen_availability:    0.2670
Model values at time =  611.0
vegetation__nitrogen_availability:    0.2670
Model values at time =  612.0
vegetation__nitrogen_availability:    0.2670
Model values at time =  613.0
vegetation__nitrogen_availability:    0.2670
Model values at time =  614.0
vegetation__nitrogen_availability:    0.2670
Model values at time =  615.0
vegetation__nitrogen_availability:    0.2670
Model values at time =  616.0
vegetation__nitrogen_availability:    0.2670
Model values at time =  617.0
vegetation__nitrogen_availability:    0.2670
Model values at time =  618.0
vegetation__nitrogen_availability:    0.2670
Model values at time =  619.0
vegetation__nitrogen_availability:    0.2670
Model values at time =  620.0
vegetation__nitrogen_availability:    0.2670
Model values at time =  621.0
vegetation__nitrogen_availability:    0.2670
Model values at time =  622.0
vegetation__nitrogen_availability:    0.2670
Model values at time =  623.0
vegetation__nitrogen_availability:    0.2670
Model values at time =  624.0
vegetation__nitrogen_availability:    0.2670
Finalize model.
